<?xml version="1.0" encoding="UTF-8"?>
<!-- Generated by org.testng.reporters.JUnitXMLReporter -->
<testsuite hostname="Amr_Alaa" name="Default test" tests="3" failures="0" timestamp="11 May 2016 04:21:11 GMT" time="0.854" errors="0">
  <testcase name="addLike" time="0.698" classname="com.models.com.models.LikeTest"/>
  <testcase name="addLike" time="0.045" classname="com.models.com.models.LikeTest"/>
  <testcase name="addLike" time="0.042" classname="com.models.com.models.LikeTest"/>
</testsuite> <!-- Default test -->
